
> frontend@0.0.0 dev
> vite


  VITE v8.0.16  ready in 209 ms

  ➜  Local:   http://localhost:5173/
  ➜  Network: use --host to expose
6:47:21 PM [vite] (client) [console.warn] Could not create web worker(s). Falling back to loading web worker code in main thread, which might cause UI freezes. Please see https://github.com/microsoft/monaco-editor#faq
6:47:21 PM [vite] (client) [console.warn] You must define a function MonacoEnvironment.getWorkerUrl or MonacoEnvironment.getWorker
6:47:32 PM [vite] (client) [console.warn] Could not create web worker(s). Falling back to loading web worker code in main thread, which might cause UI freezes. Please see https://github.com/microsoft/monaco-editor#faq
6:47:32 PM [vite] (client) [console.warn] You must define a function MonacoEnvironment.getWorkerUrl or MonacoEnvironment.getWorker
6:51:58 PM [vite] (client) hmr update /src/index.css, /src/components/Editor/CodeEditor.tsx
6:52:09 PM [vite] (client) hmr update /src/index.css, /src/components/Editor/CodeEditor.tsx
6:52:35 PM [vite] (client) [console.warn] Could not create web worker(s). Falling back to loading web worker code in main thread, which might cause UI freezes. Please see https://github.com/microsoft/monaco-editor#faq
6:52:35 PM [vite] (client) [console.warn] You must define a function MonacoEnvironment.getWorkerUrl or MonacoEnvironment.getWorker
6:52:44 PM [vite] (client) [console.warn] Could not create web worker(s). Falling back to loading web worker code in main thread, which might cause UI freezes. Please see https://github.com/microsoft/monaco-editor#faq
6:52:44 PM [vite] (client) [console.warn] You must define a function MonacoEnvironment.getWorkerUrl or MonacoEnvironment.getWorker
6:52:57 PM [vite] (client) [console.warn] Could not create web worker(s). Falling back to loading web worker code in main thread, which might cause UI freezes. Please see https://github.com/microsoft/monaco-editor#faq
6:52:57 PM [vite] (client) [console.warn] You must define a function MonacoEnvironment.getWorkerUrl or MonacoEnvironment.getWorker
6:53:06 PM [vite] (client) [console.warn] Could not create web worker(s). Falling back to loading web worker code in main thread, which might cause UI freezes. Please see https://github.com/microsoft/monaco-editor#faq
6:53:06 PM [vite] (client) [console.warn] You must define a function MonacoEnvironment.getWorkerUrl or MonacoEnvironment.getWorker
6:53:18 PM [vite] (client) [console.warn] Could not create web worker(s). Falling back to loading web worker code in main thread, which might cause UI freezes. Please see https://github.com/microsoft/monaco-editor#faq
6:53:18 PM [vite] (client) [console.warn] You must define a function MonacoEnvironment.getWorkerUrl or MonacoEnvironment.getWorker
6:53:27 PM [vite] (client) [console.warn] Could not create web worker(s). Falling back to loading web worker code in main thread, which might cause UI freezes. Please see https://github.com/microsoft/monaco-editor#faq
6:53:27 PM [vite] (client) [console.warn] You must define a function MonacoEnvironment.getWorkerUrl or MonacoEnvironment.getWorker
6:54:21 PM [vite] (client) [console.warn] Could not create web worker(s). Falling back to loading web worker code in main thread, which might cause UI freezes. Please see https://github.com/microsoft/monaco-editor#faq
6:54:21 PM [vite] (client) [console.warn] You must define a function MonacoEnvironment.getWorkerUrl or MonacoEnvironment.getWorker
6:54:29 PM [vite] (client) [console.warn] Could not create web worker(s). Falling back to loading web worker code in main thread, which might cause UI freezes. Please see https://github.com/microsoft/monaco-editor#faq
6:54:29 PM [vite] (client) [console.warn] You must define a function MonacoEnvironment.getWorkerUrl or MonacoEnvironment.getWorker
6:55:00 PM [vite] (client) [console.warn] Could not create web worker(s). Falling back to loading web worker code in main thread, which might cause UI freezes. Please see https://github.com/microsoft/monaco-editor#faq
6:55:00 PM [vite] (client) [console.warn] You must define a function MonacoEnvironment.getWorkerUrl or MonacoEnvironment.getWorker
6:55:08 PM [vite] (client) [console.warn] Could not create web worker(s). Falling back to loading web worker code in main thread, which might cause UI freezes. Please see https://github.com/microsoft/monaco-editor#faq
6:55:08 PM [vite] (client) [console.warn] You must define a function MonacoEnvironment.getWorkerUrl or MonacoEnvironment.getWorker
6:57:17 PM [vite] (client) hmr update /src/index.css, /src/components/Editor/CodeEditor.tsx
6:57:36 PM [vite] (client) [console.warn] Could not create web worker(s). Falling back to loading web worker code in main thread, which might cause UI freezes. Please see https://github.com/microsoft/monaco-editor#faq
6:57:36 PM [vite] (client) [console.warn] You must define a function MonacoEnvironment.getWorkerUrl or MonacoEnvironment.getWorker
6:58:44 PM [vite] (client) [console.warn] Could not create web worker(s). Falling back to loading web worker code in main thread, which might cause UI freezes. Please see https://github.com/microsoft/monaco-editor#faq
6:58:44 PM [vite] (client) [console.warn] You must define a function MonacoEnvironment.getWorkerUrl or MonacoEnvironment.getWorker
7:00:17 PM [vite] (client) [console.warn] Could not create web worker(s). Falling back to loading web worker code in main thread, which might cause UI freezes. Please see https://github.com/microsoft/monaco-editor#faq
7:00:17 PM [vite] (client) [console.warn] You must define a function MonacoEnvironment.getWorkerUrl or MonacoEnvironment.getWorker
7:00:47 PM [vite] (client) [console.warn] Could not create web worker(s). Falling back to loading web worker code in main thread, which might cause UI freezes. Please see https://github.com/microsoft/monaco-editor#faq
7:00:47 PM [vite] (client) [console.warn] You must define a function MonacoEnvironment.getWorkerUrl or MonacoEnvironment.getWorker
7:00:57 PM [vite] (client) [console.warn] Could not create web worker(s). Falling back to loading web worker code in main thread, which might cause UI freezes. Please see https://github.com/microsoft/monaco-editor#faq
7:00:57 PM [vite] (client) [console.warn] You must define a function MonacoEnvironment.getWorkerUrl or MonacoEnvironment.getWorker
7:01:48 PM [vite] (client) [console.warn] Could not create web worker(s). Falling back to loading web worker code in main thread, which might cause UI freezes. Please see https://github.com/microsoft/monaco-editor#faq
7:01:48 PM [vite] (client) [console.warn] You must define a function MonacoEnvironment.getWorkerUrl or MonacoEnvironment.getWorker
7:01:58 PM [vite] (client) [console.warn] Could not create web worker(s). Falling back to loading web worker code in main thread, which might cause UI freezes. Please see https://github.com/microsoft/monaco-editor#faq
7:01:58 PM [vite] (client) [console.warn] You must define a function MonacoEnvironment.getWorkerUrl or MonacoEnvironment.getWorker
7:02:57 PM [vite] (client) [console.warn] Could not create web worker(s). Falling back to loading web worker code in main thread, which might cause UI freezes. Please see https://github.com/microsoft/monaco-editor#faq
7:02:57 PM [vite] (client) [console.warn] You must define a function MonacoEnvironment.getWorkerUrl or MonacoEnvironment.getWorker
7:03:01 PM [vite] (client) [console.warn] Could not create web worker(s). Falling back to loading web worker code in main thread, which might cause UI freezes. Please see https://github.com/microsoft/monaco-editor#faq
7:03:01 PM [vite] (client) [console.warn] You must define a function MonacoEnvironment.getWorkerUrl or MonacoEnvironment.getWorker
7:03:15 PM [vite] (client) [console.warn] Could not create web worker(s). Falling back to loading web worker code in main thread, which might cause UI freezes. Please see https://github.com/microsoft/monaco-editor#faq
7:03:15 PM [vite] (client) [console.warn] You must define a function MonacoEnvironment.getWorkerUrl or MonacoEnvironment.getWorker
7:03:15 PM [vite] (client) [console.warn] Could not create web worker(s). Falling back to loading web worker code in main thread, which might cause UI freezes. Please see https://github.com/microsoft/monaco-editor#faq
7:03:15 PM [vite] (client) [console.warn] You must define a function MonacoEnvironment.getWorkerUrl or MonacoEnvironment.getWorker
7:03:47 PM [vite] (client) [console.warn] Could not create web worker(s). Falling back to loading web worker code in main thread, which might cause UI freezes. Please see https://github.com/microsoft/monaco-editor#faq
7:03:47 PM [vite] (client) [console.warn] You must define a function MonacoEnvironment.getWorkerUrl or MonacoEnvironment.getWorker
7:03:51 PM [vite] (client) [console.warn] Could not create web worker(s). Falling back to loading web worker code in main thread, which might cause UI freezes. Please see https://github.com/microsoft/monaco-editor#faq
7:03:51 PM [vite] (client) [console.warn] You must define a function MonacoEnvironment.getWorkerUrl or MonacoEnvironment.getWorker
7:04:01 PM [vite] (client) [console.warn] Could not create web worker(s). Falling back to loading web worker code in main thread, which might cause UI freezes. Please see https://github.com/microsoft/monaco-editor#faq
7:04:01 PM [vite] (client) [console.warn] You must define a function MonacoEnvironment.getWorkerUrl or MonacoEnvironment.getWorker
7:04:09 PM [vite] (client) [console.warn] Could not create web worker(s). Falling back to loading web worker code in main thread, which might cause UI freezes. Please see https://github.com/microsoft/monaco-editor#faq
7:04:09 PM [vite] (client) [console.warn] You must define a function MonacoEnvironment.getWorkerUrl or MonacoEnvironment.getWorker
7:04:17 PM [vite] (client) [console.warn] Could not create web worker(s). Falling back to loading web worker code in main thread, which might cause UI freezes. Please see https://github.com/microsoft/monaco-editor#faq
7:04:17 PM [vite] (client) [console.warn] You must define a function MonacoEnvironment.getWorkerUrl or MonacoEnvironment.getWorker
7:04:47 PM [vite] (client) [console.warn] Could not create web worker(s). Falling back to loading web worker code in main thread, which might cause UI freezes. Please see https://github.com/microsoft/monaco-editor#faq
7:04:47 PM [vite] (client) [console.warn] You must define a function MonacoEnvironment.getWorkerUrl or MonacoEnvironment.getWorker
7:04:57 PM [vite] (client) [console.warn] Could not create web worker(s). Falling back to loading web worker code in main thread, which might cause UI freezes. Please see https://github.com/microsoft/monaco-editor#faq
7:04:57 PM [vite] (client) [console.warn] You must define a function MonacoEnvironment.getWorkerUrl or MonacoEnvironment.getWorker
7:05:08 PM [vite] (client) [console.warn] Could not create web worker(s). Falling back to loading web worker code in main thread, which might cause UI freezes. Please see https://github.com/microsoft/monaco-editor#faq
7:05:08 PM [vite] (client) [console.warn] You must define a function MonacoEnvironment.getWorkerUrl or MonacoEnvironment.getWorker
7:05:43 PM [vite] (client) [console.warn] Could not create web worker(s). Falling back to loading web worker code in main thread, which might cause UI freezes. Please see https://github.com/microsoft/monaco-editor#faq
7:05:43 PM [vite] (client) [console.warn] You must define a function MonacoEnvironment.getWorkerUrl or MonacoEnvironment.getWorker
7:05:49 PM [vite] (client) [console.warn] Could not create web worker(s). Falling back to loading web worker code in main thread, which might cause UI freezes. Please see https://github.com/microsoft/monaco-editor#faq
7:05:49 PM [vite] (client) [console.warn] You must define a function MonacoEnvironment.getWorkerUrl or MonacoEnvironment.getWorker
7:05:53 PM [vite] (client) [console.warn] Could not create web worker(s). Falling back to loading web worker code in main thread, which might cause UI freezes. Please see https://github.com/microsoft/monaco-editor#faq
7:05:53 PM [vite] (client) [console.warn] You must define a function MonacoEnvironment.getWorkerUrl or MonacoEnvironment.getWorker
